 
****************************************
Report : area
Design : JAM
Version: T-2022.03
Date   : Sun Jul 31 05:03:06 2022
****************************************

Library(s) Used:

    slow (File: /usr/cad/Design_Kit/CBDK_IC_Contest_v2.5/SynopsysDC/db/slow.db)

Number of ports:                           30
Number of nets:                           893
Number of cells:                          786
Number of combinational cells:            663
Number of sequential cells:               123
Number of macros/black boxes:               0
Number of buf/inv:                        106
Number of references:                      75

Combinational area:               6295.656674
Buf/Inv area:                      650.104189
Noncombinational area:            3982.100296
Macro/Black Box area:                0.000000
Net Interconnect area:          108173.880310

Total cell area:                 10277.756970
Total area:                     118451.637280
1
